
Making install in /home/mlong/CfA/GIGC/FVdycoreCubed_GridComp/fvdycore
gmake[1]: Entering directory `/home/mlong/CfA/GIGC/FVdycoreCubed_GridComp/fvdycore'
Building dependency file fv_dynamics.d
Building dependency file fv_tracer2d.d
Building dependency file dyn_core.d
Building dependency file nh_core.d
Building dependency file fastexp.d
Building dependency file sw_core.d
model/tp_core.F90:691:17: warning: missing terminating ' character [enabled by default]
model/tp_core.F90:1275:17: warning: missing terminating ' character [enabled by default]
Building dependency file tp_core.d
model/fv_control.F90:487:33: warning: missing terminating ' character [enabled by default]
model/fv_control.F90:488:89: warning: missing terminating ' character [enabled by default]
Building dependency file fv_control.d
tools/fv_restart.F90:172:21: warning: missing terminating ' character [enabled by default]
tools/fv_restart.F90:173:12: warning: missing terminating ' character [enabled by default]
Building dependency file fv_restart.d
/opt/openmpi-1.4.1-gnu-intel//include/mpif.h:35:24: warning: missing terminating ' character [enabled by default]
/opt/openmpi-1.4.1-gnu-intel//include/mpif.h:76:52: warning: missing terminating ' character [enabled by default]
tools/external_ic.F90:530:37: warning: missing terminating ' character [enabled by default]
tools/external_ic.F90:531:46: warning: missing terminating ' character [enabled by default]
tools/external_ic.F90:858:32: warning: missing terminating ' character [enabled by default]
tools/external_ic.F90:859:72: warning: missing terminating ' character [enabled by default]
tools/external_ic.F90:865:16: warning: missing terminating ' character [enabled by default]
tools/external_ic.F90:1361:32: warning: missing terminating ' character [enabled by default]
tools/external_ic.F90:1362:72: warning: missing terminating ' character [enabled by default]
tools/external_ic.F90:1370:16: warning: missing terminating ' character [enabled by default]
Building dependency file external_ic.d
tools/fv_diagnostics.F90:57:8: warning: extra tokens at end of #endif directive [enabled by default]
tools/fv_diagnostics.F90:195:7: warning: missing terminating ' character [enabled by default]
tools/fv_diagnostics.F90:501:8: warning: extra tokens at end of #endif directive [enabled by default]
tools/fv_diagnostics.F90:636:28: warning: missing terminating ' character [enabled by default]
tools/fv_diagnostics.F90:1130:8: warning: extra tokens at end of #endif directive [enabled by default]
tools/fv_diagnostics.F90:1557:8: warning: extra tokens at end of #endif directive [enabled by default]
Building dependency file fv_diagnostics.d
tools/test_cases.F90:965:49: warning: missing terminating ' character [enabled by default]
tools/test_cases.F90:1119:8: warning: extra tokens at end of #endif directive [enabled by default]
/home/mlong/tools/netcdf/include/netcdf.inc:1438:38: warning: missing terminating ' character [enabled by default]
/home/mlong/tools/netcdf/include/netcdf.inc:1440:38: warning: missing terminating ' character [enabled by default]
/home/mlong/tools/netcdf/include/netcdf.inc:1442:38: warning: missing terminating ' character [enabled by default]
Building dependency file test_cases.d
Building dependency file fv_sg.d
/home/mlong/tools/netcdf/include/netcdf.inc:1438:38: warning: missing terminating ' character [enabled by default]
/home/mlong/tools/netcdf/include/netcdf.inc:1440:38: warning: missing terminating ' character [enabled by default]
/home/mlong/tools/netcdf/include/netcdf.inc:1442:38: warning: missing terminating ' character [enabled by default]
/home/mlong/tools/netcdf/include/netcdf.inc:1438:38: warning: missing terminating ' character [enabled by default]
/home/mlong/tools/netcdf/include/netcdf.inc:1440:38: warning: missing terminating ' character [enabled by default]
/home/mlong/tools/netcdf/include/netcdf.inc:1442:38: warning: missing terminating ' character [enabled by default]
tools/fv_surf_map.F90:1112:14: warning: missing terminating ' character [enabled by default]
Building dependency file fv_surf_map.d
model/fv_mapz.F90:1805:8: warning: missing terminating ' character [enabled by default]
model/fv_mapz.F90:2185:8: warning: missing terminating ' character [enabled by default]
model/fv_mapz.F90:2609:42: warning: missing terminating ' character [enabled by default]
Building dependency file fv_mapz.d
Building dependency file init_hydro.d
Building dependency file fv_fill.d
Building dependency file a2b_edge.d
/home/mlong/tools/netcdf/include/netcdf.inc:1438:38: warning: missing terminating ' character [enabled by default]
/home/mlong/tools/netcdf/include/netcdf.inc:1440:38: warning: missing terminating ' character [enabled by default]
/home/mlong/tools/netcdf/include/netcdf.inc:1442:38: warning: missing terminating ' character [enabled by default]
tools/fv_grid_tools.F90:2906:48: warning: missing terminating " character [enabled by default]
Building dependency file fv_grid_tools.d
Building dependency file sorted_index.d
/home/mlong/CfA/GIGC/FVdycoreCubed_GridComp/../Shared/Linux/include/GFDL_fms/fms_platform.h:52:35: warning: missing terminating ' character [enabled by default]
/home/mlong/CfA/GIGC/FVdycoreCubed_GridComp/../Shared/Linux/include/GFDL_fms/fms_platform.h:82:55: warning: missing terminating ' character [enabled by default]
model/fv_grid_utils.F90:3123:21: warning: missing terminating ' character [enabled by default]
model/fv_grid_utils.F90:3175:21: warning: missing terminating ' character [enabled by default]
Building dependency file fv_grid_utils.d
Building dependency file fv_timing.d
Building dependency file fv_io.d
tools/fv_eta.F90:150:8: warning: extra tokens at end of #endif directive [enabled by default]
tools/fv_eta.F90:182:8: warning: extra tokens at end of #endif directive [enabled by default]
tools/fv_eta.F90:244:9: warning: missing terminating ' character [enabled by default]
tools/fv_eta.F90:768:45: warning: missing terminating ' character [enabled by default]
tools/fv_eta.F90:803:8: warning: extra tokens at end of #endif directive [enabled by default]
tools/fv_eta.F90:818:8: warning: extra tokens at end of #endif directive [enabled by default]
Building dependency file fv_eta.d
Building dependency file fv_mp_mod.d
/home/mlong/CfA/GIGC/FVdycoreCubed_GridComp/../Shared/Linux/include/GFDL_fms/fms_platform.h:52:35: warning: missing terminating ' character [enabled by default]
/home/mlong/CfA/GIGC/FVdycoreCubed_GridComp/../Shared/Linux/include/GFDL_fms/fms_platform.h:82:55: warning: missing terminating ' character [enabled by default]
Building dependency file fv_arrays.d
/home/mlong/tools/netcdf/include/netcdf.inc:1438:38: warning: missing terminating ' character [enabled by default]
/home/mlong/tools/netcdf/include/netcdf.inc:1440:38: warning: missing terminating ' character [enabled by default]
/home/mlong/tools/netcdf/include/netcdf.inc:1442:38: warning: missing terminating ' character [enabled by default]
Building dependency file cub2cub.d
/home/mlong/tools/netcdf/include/netcdf.inc:1438:38: warning: missing terminating ' character [enabled by default]
/home/mlong/tools/netcdf/include/netcdf.inc:1440:38: warning: missing terminating ' character [enabled by default]
/home/mlong/tools/netcdf/include/netcdf.inc:1442:38: warning: missing terminating ' character [enabled by default]
tools/pp/cub2latlon.F90:185:49: warning: missing terminating ' character [enabled by default]
/home/mlong/tools/netcdf/include/netcdf.inc:1438:38: warning: missing terminating ' character [enabled by default]
/home/mlong/tools/netcdf/include/netcdf.inc:1440:38: warning: missing terminating ' character [enabled by default]
/home/mlong/tools/netcdf/include/netcdf.inc:1442:38: warning: missing terminating ' character [enabled by default]
/home/mlong/tools/netcdf/include/netcdf.inc:1438:38: warning: missing terminating ' character [enabled by default]
/home/mlong/tools/netcdf/include/netcdf.inc:1440:38: warning: missing terminating ' character [enabled by default]
/home/mlong/tools/netcdf/include/netcdf.inc:1442:38: warning: missing terminating ' character [enabled by default]
/home/mlong/tools/netcdf/include/netcdf.inc:1438:38: warning: missing terminating ' character [enabled by default]
/home/mlong/tools/netcdf/include/netcdf.inc:1440:38: warning: missing terminating ' character [enabled by default]
/home/mlong/tools/netcdf/include/netcdf.inc:1442:38: warning: missing terminating ' character [enabled by default]
/home/mlong/tools/netcdf/include/netcdf.inc:1438:38: warning: missing terminating ' character [enabled by default]
/home/mlong/tools/netcdf/include/netcdf.inc:1440:38: warning: missing terminating ' character [enabled by default]
/home/mlong/tools/netcdf/include/netcdf.inc:1442:38: warning: missing terminating ' character [enabled by default]
Building dependency file cub2latlon.d
Building dependency file grid_utils_mod.d
Building dependency file ghost_cubsph.d
Building dependency file flow_proj.d
Building dependency file fill_corner.d
gmake[1]: Leaving directory `/home/mlong/CfA/GIGC/FVdycoreCubed_GridComp/fvdycore'
gmake[1]: Entering directory `/home/mlong/CfA/GIGC/FVdycoreCubed_GridComp/fvdycore'
mpif90 -c -DsysLinux -DESMA32 -DHAS_NETCDF4 -DHAS_NETCDF3 -DESMF_ -DDEVEL -DEXTERNAL_GRID -DEXTERNAL_FORCING -DNO_ISORROPIA -DHAVE_SHMEM  -I/home/mlong/CfA/GIGC/ESMF//Linux/include/ -I. -I/home/mlong/CfA/GIGC/FVdycoreCubed_GridComp/../Shared/Linux/include/GFDL_fms -I/home/mlong/CfA/GIGC/FVdycoreCubed_GridComp/../Shared/Linux/include/GMAO_mpeu -I/home/mlong/CfA/GIGC/FVdycoreCubed_GridComp/../Shared/Linux/include/GMAO_pilgrim -I/home/mlong/tools/netcdf/include -I/home/mlong/CfA/GIGC/FVdycoreCubed_GridComp/../Shared/Linux/include/GMAO_gfio -I/home/mlong/CfA/GIGC/FVdycoreCubed_GridComp/../Shared/Linux/include/MAPL_cfio -I/home/mlong/CfA/GIGC/FVdycoreCubed_GridComp/../Shared/Linux/include/MAPL_Base -I/home/mlong/CfA/GIGC/FVdycoreCubed_GridComp/../Shared/Linux/include/GEOS_Shared -I/home/mlong/CfA/GIGC/FVdycoreCubed_GridComp/../Shared/Linux/include/Chem_Base -I/home/mlong/CfA/GIGC/FVdycoreCubed_GridComp/../Shared/Linux/include/Chem_Shared -I/home/mlong/CfA/GIGC/FVdycoreCubed_GridComp/../Shared/Linux/include/GFDL_fms -I/home/mlong/CfA/GIGC/FVdycoreCubed_GridComp/../Shared/Linux/include/GMAO_hermes -I/home/mlong/tools/netcdf/include -I/home/mlong/CfA/GIGC/ESMF//Linux/include/ -I/opt/openmpi-1.4.1-gnu-intel//include  -I/home/mlong/CfA/GIGC/ESMF//Linux/mod/ -I. -I. -I/home/mlong/CfA/GIGC/FVdycoreCubed_GridComp/../Shared/Linux/include/GFDL_fms -I/home/mlong/CfA/GIGC/FVdycoreCubed_GridComp/../Shared/Linux/include/GMAO_mpeu -I/home/mlong/CfA/GIGC/FVdycoreCubed_GridComp/../Shared/Linux/include/GMAO_pilgrim -I/home/mlong/tools/netcdf/include -I/home/mlong/CfA/GIGC/FVdycoreCubed_GridComp/../Shared/Linux/include/GMAO_gfio -I/home/mlong/CfA/GIGC/FVdycoreCubed_GridComp/../Shared/Linux/include/MAPL_cfio -I/home/mlong/CfA/GIGC/FVdycoreCubed_GridComp/../Shared/Linux/include/MAPL_Base -I/home/mlong/CfA/GIGC/FVdycoreCubed_GridComp/../Shared/Linux/include/GEOS_Shared -I/home/mlong/CfA/GIGC/FVdycoreCubed_GridComp/../Shared/Linux/include/Chem_Base -I/home/mlong/CfA/GIGC/FVdycoreCubed_GridComp/../Shared/Linux/include/Chem_Shared -I/home/mlong/CfA/GIGC/FVdycoreCubed_GridComp/../Shared/Linux/include/GFDL_fms -I/home/mlong/CfA/GIGC/FVdycoreCubed_GridComp/../Shared/Linux/include/GMAO_hermes -I/home/mlong/tools/netcdf/include -I/home/mlong/CfA/GIGC/ESMF//Linux/include/ -I/opt/openmpi-1.4.1-gnu-intel//include  -g -O0 -ftz -traceback -debug -nolib-inline -check bounds -check uninit -fp-stack-check -ftrapuv -r8   -DESMF_ -DDEVEL -DEXTERNAL_GRID -DEXTERNAL_FORCING -DNO_ISORROPIA -convert big_endian -traceback -extend-source -CB -g -O0 -fPIC -fpe0 -fp-model precise  -align dcommons model/fv_arrays.F90
Using 8-byte addressing
Using PURE
Converting pointers to allocatable components
mpif90 -c -DsysLinux -DESMA32 -DHAS_NETCDF4 -DHAS_NETCDF3 -DESMF_ -DDEVEL -DEXTERNAL_GRID -DEXTERNAL_FORCING -DNO_ISORROPIA -DHAVE_SHMEM  -I/home/mlong/CfA/GIGC/ESMF//Linux/include/ -I. -I/home/mlong/CfA/GIGC/FVdycoreCubed_GridComp/../Shared/Linux/include/GFDL_fms -I/home/mlong/CfA/GIGC/FVdycoreCubed_GridComp/../Shared/Linux/include/GMAO_mpeu -I/home/mlong/CfA/GIGC/FVdycoreCubed_GridComp/../Shared/Linux/include/GMAO_pilgrim -I/home/mlong/tools/netcdf/include -I/home/mlong/CfA/GIGC/FVdycoreCubed_GridComp/../Shared/Linux/include/GMAO_gfio -I/home/mlong/CfA/GIGC/FVdycoreCubed_GridComp/../Shared/Linux/include/MAPL_cfio -I/home/mlong/CfA/GIGC/FVdycoreCubed_GridComp/../Shared/Linux/include/MAPL_Base -I/home/mlong/CfA/GIGC/FVdycoreCubed_GridComp/../Shared/Linux/include/GEOS_Shared -I/home/mlong/CfA/GIGC/FVdycoreCubed_GridComp/../Shared/Linux/include/Chem_Base -I/home/mlong/CfA/GIGC/FVdycoreCubed_GridComp/../Shared/Linux/include/Chem_Shared -I/home/mlong/CfA/GIGC/FVdycoreCubed_GridComp/../Shared/Linux/include/GFDL_fms -I/home/mlong/CfA/GIGC/FVdycoreCubed_GridComp/../Shared/Linux/include/GMAO_hermes -I/home/mlong/tools/netcdf/include -I/home/mlong/CfA/GIGC/ESMF//Linux/include/ -I/opt/openmpi-1.4.1-gnu-intel//include  -I/home/mlong/CfA/GIGC/ESMF//Linux/mod/ -I. -I. -I/home/mlong/CfA/GIGC/FVdycoreCubed_GridComp/../Shared/Linux/include/GFDL_fms -I/home/mlong/CfA/GIGC/FVdycoreCubed_GridComp/../Shared/Linux/include/GMAO_mpeu -I/home/mlong/CfA/GIGC/FVdycoreCubed_GridComp/../Shared/Linux/include/GMAO_pilgrim -I/home/mlong/tools/netcdf/include -I/home/mlong/CfA/GIGC/FVdycoreCubed_GridComp/../Shared/Linux/include/GMAO_gfio -I/home/mlong/CfA/GIGC/FVdycoreCubed_GridComp/../Shared/Linux/include/MAPL_cfio -I/home/mlong/CfA/GIGC/FVdycoreCubed_GridComp/../Shared/Linux/include/MAPL_Base -I/home/mlong/CfA/GIGC/FVdycoreCubed_GridComp/../Shared/Linux/include/GEOS_Shared -I/home/mlong/CfA/GIGC/FVdycoreCubed_GridComp/../Shared/Linux/include/Chem_Base -I/home/mlong/CfA/GIGC/FVdycoreCubed_GridComp/../Shared/Linux/include/Chem_Shared -I/home/mlong/CfA/GIGC/FVdycoreCubed_GridComp/../Shared/Linux/include/GFDL_fms -I/home/mlong/CfA/GIGC/FVdycoreCubed_GridComp/../Shared/Linux/include/GMAO_hermes -I/home/mlong/tools/netcdf/include -I/home/mlong/CfA/GIGC/ESMF//Linux/include/ -I/opt/openmpi-1.4.1-gnu-intel//include  -g -O0 -ftz -traceback -debug -nolib-inline -check bounds -check uninit -fp-stack-check -ftrapuv -r8   -DESMF_ -DDEVEL -DEXTERNAL_GRID -DEXTERNAL_FORCING -DNO_ISORROPIA -convert big_endian -traceback -extend-source -CB -g -O0 -fPIC -fpe0 -fp-model precise  -align dcommons tools/pp/fill_corner.F90
mpif90 -c -DsysLinux -DESMA32 -DHAS_NETCDF4 -DHAS_NETCDF3 -DESMF_ -DDEVEL -DEXTERNAL_GRID -DEXTERNAL_FORCING -DNO_ISORROPIA -DHAVE_SHMEM  -I/home/mlong/CfA/GIGC/ESMF//Linux/include/ -I. -I/home/mlong/CfA/GIGC/FVdycoreCubed_GridComp/../Shared/Linux/include/GFDL_fms -I/home/mlong/CfA/GIGC/FVdycoreCubed_GridComp/../Shared/Linux/include/GMAO_mpeu -I/home/mlong/CfA/GIGC/FVdycoreCubed_GridComp/../Shared/Linux/include/GMAO_pilgrim -I/home/mlong/tools/netcdf/include -I/home/mlong/CfA/GIGC/FVdycoreCubed_GridComp/../Shared/Linux/include/GMAO_gfio -I/home/mlong/CfA/GIGC/FVdycoreCubed_GridComp/../Shared/Linux/include/MAPL_cfio -I/home/mlong/CfA/GIGC/FVdycoreCubed_GridComp/../Shared/Linux/include/MAPL_Base -I/home/mlong/CfA/GIGC/FVdycoreCubed_GridComp/../Shared/Linux/include/GEOS_Shared -I/home/mlong/CfA/GIGC/FVdycoreCubed_GridComp/../Shared/Linux/include/Chem_Base -I/home/mlong/CfA/GIGC/FVdycoreCubed_GridComp/../Shared/Linux/include/Chem_Shared -I/home/mlong/CfA/GIGC/FVdycoreCubed_GridComp/../Shared/Linux/include/GFDL_fms -I/home/mlong/CfA/GIGC/FVdycoreCubed_GridComp/../Shared/Linux/include/GMAO_hermes -I/home/mlong/tools/netcdf/include -I/home/mlong/CfA/GIGC/ESMF//Linux/include/ -I/opt/openmpi-1.4.1-gnu-intel//include  -I/home/mlong/CfA/GIGC/ESMF//Linux/mod/ -I. -I. -I/home/mlong/CfA/GIGC/FVdycoreCubed_GridComp/../Shared/Linux/include/GFDL_fms -I/home/mlong/CfA/GIGC/FVdycoreCubed_GridComp/../Shared/Linux/include/GMAO_mpeu -I/home/mlong/CfA/GIGC/FVdycoreCubed_GridComp/../Shared/Linux/include/GMAO_pilgrim -I/home/mlong/tools/netcdf/include -I/home/mlong/CfA/GIGC/FVdycoreCubed_GridComp/../Shared/Linux/include/GMAO_gfio -I/home/mlong/CfA/GIGC/FVdycoreCubed_GridComp/../Shared/Linux/include/MAPL_cfio -I/home/mlong/CfA/GIGC/FVdycoreCubed_GridComp/../Shared/Linux/include/MAPL_Base -I/home/mlong/CfA/GIGC/FVdycoreCubed_GridComp/../Shared/Linux/include/GEOS_Shared -I/home/mlong/CfA/GIGC/FVdycoreCubed_GridComp/../Shared/Linux/include/Chem_Base -I/home/mlong/CfA/GIGC/FVdycoreCubed_GridComp/../Shared/Linux/include/Chem_Shared -I/home/mlong/CfA/GIGC/FVdycoreCubed_GridComp/../Shared/Linux/include/GFDL_fms -I/home/mlong/CfA/GIGC/FVdycoreCubed_GridComp/../Shared/Linux/include/GMAO_hermes -I/home/mlong/tools/netcdf/include -I/home/mlong/CfA/GIGC/ESMF//Linux/include/ -I/opt/openmpi-1.4.1-gnu-intel//include  -g -O0 -ftz -traceback -debug -nolib-inline -check bounds -check uninit -fp-stack-check -ftrapuv -r8   -DESMF_ -DDEVEL -DEXTERNAL_GRID -DEXTERNAL_FORCING -DNO_ISORROPIA -convert big_endian -traceback -extend-source -CB -g -O0 -fPIC -fpe0 -fp-model precise  -align dcommons tools/pp/flow_proj.F90
mpif90 -c -DsysLinux -DESMA32 -DHAS_NETCDF4 -DHAS_NETCDF3 -DESMF_ -DDEVEL -DEXTERNAL_GRID -DEXTERNAL_FORCING -DNO_ISORROPIA -DHAVE_SHMEM  -I/home/mlong/CfA/GIGC/ESMF//Linux/include/ -I. -I/home/mlong/CfA/GIGC/FVdycoreCubed_GridComp/../Shared/Linux/include/GFDL_fms -I/home/mlong/CfA/GIGC/FVdycoreCubed_GridComp/../Shared/Linux/include/GMAO_mpeu -I/home/mlong/CfA/GIGC/FVdycoreCubed_GridComp/../Shared/Linux/include/GMAO_pilgrim -I/home/mlong/tools/netcdf/include -I/home/mlong/CfA/GIGC/FVdycoreCubed_GridComp/../Shared/Linux/include/GMAO_gfio -I/home/mlong/CfA/GIGC/FVdycoreCubed_GridComp/../Shared/Linux/include/MAPL_cfio -I/home/mlong/CfA/GIGC/FVdycoreCubed_GridComp/../Shared/Linux/include/MAPL_Base -I/home/mlong/CfA/GIGC/FVdycoreCubed_GridComp/../Shared/Linux/include/GEOS_Shared -I/home/mlong/CfA/GIGC/FVdycoreCubed_GridComp/../Shared/Linux/include/Chem_Base -I/home/mlong/CfA/GIGC/FVdycoreCubed_GridComp/../Shared/Linux/include/Chem_Shared -I/home/mlong/CfA/GIGC/FVdycoreCubed_GridComp/../Shared/Linux/include/GFDL_fms -I/home/mlong/CfA/GIGC/FVdycoreCubed_GridComp/../Shared/Linux/include/GMAO_hermes -I/home/mlong/tools/netcdf/include -I/home/mlong/CfA/GIGC/ESMF//Linux/include/ -I/opt/openmpi-1.4.1-gnu-intel//include  -I/home/mlong/CfA/GIGC/ESMF//Linux/mod/ -I. -I. -I/home/mlong/CfA/GIGC/FVdycoreCubed_GridComp/../Shared/Linux/include/GFDL_fms -I/home/mlong/CfA/GIGC/FVdycoreCubed_GridComp/../Shared/Linux/include/GMAO_mpeu -I/home/mlong/CfA/GIGC/FVdycoreCubed_GridComp/../Shared/Linux/include/GMAO_pilgrim -I/home/mlong/tools/netcdf/include -I/home/mlong/CfA/GIGC/FVdycoreCubed_GridComp/../Shared/Linux/include/GMAO_gfio -I/home/mlong/CfA/GIGC/FVdycoreCubed_GridComp/../Shared/Linux/include/MAPL_cfio -I/home/mlong/CfA/GIGC/FVdycoreCubed_GridComp/../Shared/Linux/include/MAPL_Base -I/home/mlong/CfA/GIGC/FVdycoreCubed_GridComp/../Shared/Linux/include/GEOS_Shared -I/home/mlong/CfA/GIGC/FVdycoreCubed_GridComp/../Shared/Linux/include/Chem_Base -I/home/mlong/CfA/GIGC/FVdycoreCubed_GridComp/../Shared/Linux/include/Chem_Shared -I/home/mlong/CfA/GIGC/FVdycoreCubed_GridComp/../Shared/Linux/include/GFDL_fms -I/home/mlong/CfA/GIGC/FVdycoreCubed_GridComp/../Shared/Linux/include/GMAO_hermes -I/home/mlong/tools/netcdf/include -I/home/mlong/CfA/GIGC/ESMF//Linux/include/ -I/opt/openmpi-1.4.1-gnu-intel//include  -g -O0 -ftz -traceback -debug -nolib-inline -check bounds -check uninit -fp-stack-check -ftrapuv -r8   -DESMF_ -DDEVEL -DEXTERNAL_GRID -DEXTERNAL_FORCING -DNO_ISORROPIA -convert big_endian -traceback -extend-source -CB -g -O0 -fPIC -fpe0 -fp-model precise  -align dcommons tools/pp/ghost_cubsph.F90
mpif90 -c -DsysLinux -DESMA32 -DHAS_NETCDF4 -DHAS_NETCDF3 -DESMF_ -DDEVEL -DEXTERNAL_GRID -DEXTERNAL_FORCING -DNO_ISORROPIA -DHAVE_SHMEM  -I/home/mlong/CfA/GIGC/ESMF//Linux/include/ -I. -I/home/mlong/CfA/GIGC/FVdycoreCubed_GridComp/../Shared/Linux/include/GFDL_fms -I/home/mlong/CfA/GIGC/FVdycoreCubed_GridComp/../Shared/Linux/include/GMAO_mpeu -I/home/mlong/CfA/GIGC/FVdycoreCubed_GridComp/../Shared/Linux/include/GMAO_pilgrim -I/home/mlong/tools/netcdf/include -I/home/mlong/CfA/GIGC/FVdycoreCubed_GridComp/../Shared/Linux/include/GMAO_gfio -I/home/mlong/CfA/GIGC/FVdycoreCubed_GridComp/../Shared/Linux/include/MAPL_cfio -I/home/mlong/CfA/GIGC/FVdycoreCubed_GridComp/../Shared/Linux/include/MAPL_Base -I/home/mlong/CfA/GIGC/FVdycoreCubed_GridComp/../Shared/Linux/include/GEOS_Shared -I/home/mlong/CfA/GIGC/FVdycoreCubed_GridComp/../Shared/Linux/include/Chem_Base -I/home/mlong/CfA/GIGC/FVdycoreCubed_GridComp/../Shared/Linux/include/Chem_Shared -I/home/mlong/CfA/GIGC/FVdycoreCubed_GridComp/../Shared/Linux/include/GFDL_fms -I/home/mlong/CfA/GIGC/FVdycoreCubed_GridComp/../Shared/Linux/include/GMAO_hermes -I/home/mlong/tools/netcdf/include -I/home/mlong/CfA/GIGC/ESMF//Linux/include/ -I/opt/openmpi-1.4.1-gnu-intel//include  -I/home/mlong/CfA/GIGC/ESMF//Linux/mod/ -I. -I. -I/home/mlong/CfA/GIGC/FVdycoreCubed_GridComp/../Shared/Linux/include/GFDL_fms -I/home/mlong/CfA/GIGC/FVdycoreCubed_GridComp/../Shared/Linux/include/GMAO_mpeu -I/home/mlong/CfA/GIGC/FVdycoreCubed_GridComp/../Shared/Linux/include/GMAO_pilgrim -I/home/mlong/tools/netcdf/include -I/home/mlong/CfA/GIGC/FVdycoreCubed_GridComp/../Shared/Linux/include/GMAO_gfio -I/home/mlong/CfA/GIGC/FVdycoreCubed_GridComp/../Shared/Linux/include/MAPL_cfio -I/home/mlong/CfA/GIGC/FVdycoreCubed_GridComp/../Shared/Linux/include/MAPL_Base -I/home/mlong/CfA/GIGC/FVdycoreCubed_GridComp/../Shared/Linux/include/GEOS_Shared -I/home/mlong/CfA/GIGC/FVdycoreCubed_GridComp/../Shared/Linux/include/Chem_Base -I/home/mlong/CfA/GIGC/FVdycoreCubed_GridComp/../Shared/Linux/include/Chem_Shared -I/home/mlong/CfA/GIGC/FVdycoreCubed_GridComp/../Shared/Linux/include/GFDL_fms -I/home/mlong/CfA/GIGC/FVdycoreCubed_GridComp/../Shared/Linux/include/GMAO_hermes -I/home/mlong/tools/netcdf/include -I/home/mlong/CfA/GIGC/ESMF//Linux/include/ -I/opt/openmpi-1.4.1-gnu-intel//include  -g -O0 -ftz -traceback -debug -nolib-inline -check bounds -check uninit -fp-stack-check -ftrapuv -r8   -DESMF_ -DDEVEL -DEXTERNAL_GRID -DEXTERNAL_FORCING -DNO_ISORROPIA -convert big_endian -traceback -extend-source -CB -g -O0 -fPIC -fpe0 -fp-model precise  -align dcommons tools/pp/grid_utils_mod.F90
mpif90 -c -DsysLinux -DESMA32 -DHAS_NETCDF4 -DHAS_NETCDF3 -DESMF_ -DDEVEL -DEXTERNAL_GRID -DEXTERNAL_FORCING -DNO_ISORROPIA -DHAVE_SHMEM  -I/home/mlong/CfA/GIGC/ESMF//Linux/include/ -I. -I/home/mlong/CfA/GIGC/FVdycoreCubed_GridComp/../Shared/Linux/include/GFDL_fms -I/home/mlong/CfA/GIGC/FVdycoreCubed_GridComp/../Shared/Linux/include/GMAO_mpeu -I/home/mlong/CfA/GIGC/FVdycoreCubed_GridComp/../Shared/Linux/include/GMAO_pilgrim -I/home/mlong/tools/netcdf/include -I/home/mlong/CfA/GIGC/FVdycoreCubed_GridComp/../Shared/Linux/include/GMAO_gfio -I/home/mlong/CfA/GIGC/FVdycoreCubed_GridComp/../Shared/Linux/include/MAPL_cfio -I/home/mlong/CfA/GIGC/FVdycoreCubed_GridComp/../Shared/Linux/include/MAPL_Base -I/home/mlong/CfA/GIGC/FVdycoreCubed_GridComp/../Shared/Linux/include/GEOS_Shared -I/home/mlong/CfA/GIGC/FVdycoreCubed_GridComp/../Shared/Linux/include/Chem_Base -I/home/mlong/CfA/GIGC/FVdycoreCubed_GridComp/../Shared/Linux/include/Chem_Shared -I/home/mlong/CfA/GIGC/FVdycoreCubed_GridComp/../Shared/Linux/include/GFDL_fms -I/home/mlong/CfA/GIGC/FVdycoreCubed_GridComp/../Shared/Linux/include/GMAO_hermes -I/home/mlong/tools/netcdf/include -I/home/mlong/CfA/GIGC/ESMF//Linux/include/ -I/opt/openmpi-1.4.1-gnu-intel//include  -I/home/mlong/CfA/GIGC/ESMF//Linux/mod/ -I. -I. -I/home/mlong/CfA/GIGC/FVdycoreCubed_GridComp/../Shared/Linux/include/GFDL_fms -I/home/mlong/CfA/GIGC/FVdycoreCubed_GridComp/../Shared/Linux/include/GMAO_mpeu -I/home/mlong/CfA/GIGC/FVdycoreCubed_GridComp/../Shared/Linux/include/GMAO_pilgrim -I/home/mlong/tools/netcdf/include -I/home/mlong/CfA/GIGC/FVdycoreCubed_GridComp/../Shared/Linux/include/GMAO_gfio -I/home/mlong/CfA/GIGC/FVdycoreCubed_GridComp/../Shared/Linux/include/MAPL_cfio -I/home/mlong/CfA/GIGC/FVdycoreCubed_GridComp/../Shared/Linux/include/MAPL_Base -I/home/mlong/CfA/GIGC/FVdycoreCubed_GridComp/../Shared/Linux/include/GEOS_Shared -I/home/mlong/CfA/GIGC/FVdycoreCubed_GridComp/../Shared/Linux/include/Chem_Base -I/home/mlong/CfA/GIGC/FVdycoreCubed_GridComp/../Shared/Linux/include/Chem_Shared -I/home/mlong/CfA/GIGC/FVdycoreCubed_GridComp/../Shared/Linux/include/GFDL_fms -I/home/mlong/CfA/GIGC/FVdycoreCubed_GridComp/../Shared/Linux/include/GMAO_hermes -I/home/mlong/tools/netcdf/include -I/home/mlong/CfA/GIGC/ESMF//Linux/include/ -I/opt/openmpi-1.4.1-gnu-intel//include  -g -O0 -ftz -traceback -debug -nolib-inline -check bounds -check uninit -fp-stack-check -ftrapuv -r8   -DESMF_ -DDEVEL -DEXTERNAL_GRID -DEXTERNAL_FORCING -DNO_ISORROPIA -convert big_endian -traceback -extend-source -CB -g -O0 -fPIC -fpe0 -fp-model precise  -align dcommons tools/pp/cub2latlon.F90
tools/pp/cub2latlon.F90(272): error #6414: This PARAMETER constant name is invalid in this context.   [NF_REAL]
       elseif (type==nf_real(REAL8)) then
---------------------^
tools/pp/cub2latlon.F90(284): error #6414: This PARAMETER constant name is invalid in this context.   [NF_REAL]
       elseif (type==nf_real(REAL8)) then
---------------------^
compilation aborted for tools/pp/cub2latlon.F90 (code 1)
gmake[1]: *** [cub2latlon.o] Error 1
gmake[1]: Leaving directory `/home/mlong/CfA/GIGC/FVdycoreCubed_GridComp/fvdycore'
make: *** [install] Error 2
